<?xml version="1.0" encoding="UTF-8"?>
<!-- Generated by org.testng.reporters.JUnitReportReporter -->
<testsuite skipped="0" hostname="bellal-3LQUFINH" name="singin.Pratice" tests="2" failures="0" timestamp="2020-07-10T12:05:12 EDT" time="32.209" errors="0">
  <testcase name="signInTest" time="21.870" classname="singin.Pratice"/>
  <system-out/>
  <testcase name="assertionPrec" time="10.339" classname="singin.Pratice"/>
  <system-out/>
</testsuite> <!-- singin.Pratice -->
